12:32:38 **** Incremental Build of configuration Debug for project NVIC ****
make -j8 all 
arm-none-eabi-gcc "../Src/NVIC_program.c" -mcpu=cortex-m3 -std=gnu11 -g3 -DSTM32 -DSTM32F1 -DSTM32F103C8Tx -DDEBUG -c -I../Inc -O0 -ffunction-sections -fdata-sections -Wall -fstack-usage -MMD -MP -MF"Src/NVIC_program.d" -MT"Src/NVIC_program.o" --specs=nano.specs -mfloat-abi=soft -mthumb -o "Src/NVIC_program.o"
arm-none-eabi-gcc -o "NVIC.elf" @"objects.list"   -mcpu=cortex-m3 -T"D:\EME_Embedded_EUI\STM_F103C8T6_projects\NVIC\STM32F103C8TX_FLASH.ld" --specs=nosys.specs -Wl,-Map="NVIC.map" -Wl,--gc-sections -static --specs=nano.specs -mfloat-abi=soft -mthumb -Wl,--start-group -lc -lm -Wl,--end-group
Finished building target: NVIC.elf
 
arm-none-eabi-objdump -h -S  NVIC.elf  > "NVIC.list"
arm-none-eabi-objcopy  -O binary  NVIC.elf  "NVIC.bin"
arm-none-eabi-size   NVIC.elf 
   text	   data	    bss	    dec	    hex	filename
    556	      8	   1568	   2132	    854	NVIC.elf
Finished building: default.size.stdout
Finished building: NVIC.list
Finished building: NVIC.bin
 
 
 
12:33:52 **** Incremental Build of configuration Debug for project GPIO ****
make -j8 all 
arm-none-eabi-size   GPIO.elf 
   text	   data	    bss	    dec	    hex	filename
   1332	      8	   1568	   2908	    b5c	GPIO.elf
Finished building: default.size.stdout
 
12:33:53 **** Incremental Build of configuration Debug for project NVIC ****
make -j8 all 
arm-none-eabi-gcc "../Src/NVIC_program.c" -mcpu=cortex-m3 -std=gnu11 -g3 -DSTM32 -DSTM32F1 -DSTM32F103C8Tx -DDEBUG -c -I../Inc -O0 -ffunction-sections -fdata-sections -Wall -fstack-usage -MMD -MP -MF"Src/NVIC_program.d" -MT"Src/NVIC_program.o" --specs=nano.specs -mfloat-abi=soft -mthumb -o "Src/NVIC_program.o"
arm-none-eabi-gcc -o "NVIC.elf" @"objects.list"   -mcpu=cortex-m3 -T"D:\EME_Embedded_EUI\STM_F103C8T6_projects\NVIC\STM32F103C8TX_FLASH.ld" --specs=nosys.specs -Wl,-Map="NVIC.map" -Wl,--gc-sections -static --specs=nano.specs -mfloat-abi=soft -mthumb -Wl,--start-group -lc -lm -Wl,--end-group
Finished building target: NVIC.elf
 
arm-none-eabi-objdump -h -S  NVIC.elf  > "NVIC.list"
arm-none-eabi-objcopy  -O binary  NVIC.elf  "NVIC.bin"
arm-none-eabi-size   NVIC.elf 
   text	   data	    bss	    dec	    hex	filename
    556	      8	   1568	   2132	    854	NVIC.elf
Finished building: default.size.stdout
Finished building: NVIC.list
Finished building: NVIC.bin
 
 
 
12:33:53 **** Incremental Build of configuration Debug for project RCC ****
make -j8 all 
arm-none-eabi-size   RCC.elf 
   text	   data	    bss	    dec	    hex	filename
    788	      8	   1568	   2364	    93c	RCC.elf
Finished building: default.size.stdout
 
13:18:11 **** Incremental Build of configuration Debug for project GPIO ****
make -j8 all 
arm-none-eabi-size   GPIO.elf 
   text	   data	    bss	    dec	    hex	filename
   1332	      8	   1568	   2908	    b5c	GPIO.elf
Finished building: default.size.stdout
 
13:18:12 **** Incremental Build of configuration Debug for project NVIC ****
make -j8 all 
arm-none-eabi-gcc "../Src/NVIC_program.c" -mcpu=cortex-m3 -std=gnu11 -g3 -DSTM32 -DSTM32F1 -DSTM32F103C8Tx -DDEBUG -c -I../Inc -O0 -ffunction-sections -fdata-sections -Wall -fstack-usage -MMD -MP -MF"Src/NVIC_program.d" -MT"Src/NVIC_program.o" --specs=nano.specs -mfloat-abi=soft -mthumb -o "Src/NVIC_program.o"
../Src/NVIC_program.c: In function 'NVIC_voidSetPriority':
../Src/NVIC_program.c:75:6: error: expected expression before ')' token
   if()
      ^
make: *** [Src/subdir.mk:27: Src/NVIC_program.o] Error 1
"make -j8 all" terminated with exit code 2. Build might be incomplete.
13:18:12 **** Incremental Build of configuration Debug for project RCC ****
make -j8 all 
arm-none-eabi-size   RCC.elf 
   text	   data	    bss	    dec	    hex	filename
    788	      8	   1568	   2364	    93c	RCC.elf
Finished building: default.size.stdout
 
13:23:34 **** Incremental Build of configuration Debug for project GPIO ****
make -j8 all 
arm-none-eabi-size   GPIO.elf 
   text	   data	    bss	    dec	    hex	filename
   1332	      8	   1568	   2908	    b5c	GPIO.elf
Finished building: default.size.stdout
 
13:23:34 **** Incremental Build of configuration Debug for project NVIC ****
make -j8 all 
arm-none-eabi-gcc "../Src/NVIC_program.c" -mcpu=cortex-m3 -std=gnu11 -g3 -DSTM32 -DSTM32F1 -DSTM32F103C8Tx -DDEBUG -c -I../Inc -O0 -ffunction-sections -fdata-sections -Wall -fstack-usage -MMD -MP -MF"Src/NVIC_program.d" -MT"Src/NVIC_program.o" --specs=nano.specs -mfloat-abi=soft -mthumb -o "Src/NVIC_program.o"
arm-none-eabi-gcc -o "NVIC.elf" @"objects.list"   -mcpu=cortex-m3 -T"D:\EME_Embedded_EUI\STM_F103C8T6_projects\NVIC\STM32F103C8TX_FLASH.ld" --specs=nosys.specs -Wl,-Map="NVIC.map" -Wl,--gc-sections -static --specs=nano.specs -mfloat-abi=soft -mthumb -Wl,--start-group -lc -lm -Wl,--end-group
Finished building target: NVIC.elf
 
arm-none-eabi-objdump -h -S  NVIC.elf  > "NVIC.list"
arm-none-eabi-objcopy  -O binary  NVIC.elf  "NVIC.bin"
arm-none-eabi-size   NVIC.elf 
   text	   data	    bss	    dec	    hex	filename
    556	      8	   1568	   2132	    854	NVIC.elf
Finished building: default.size.stdout
Finished building: NVIC.list
Finished building: NVIC.bin
 
 
 
13:23:35 **** Incremental Build of configuration Debug for project RCC ****
make -j8 all 
arm-none-eabi-size   RCC.elf 
   text	   data	    bss	    dec	    hex	filename
    788	      8	   1568	   2364	    93c	RCC.elf
Finished building: default.size.stdout
 
13:26:56 **** Incremental Build of configuration Debug for project GPIO ****
make -j8 all 
arm-none-eabi-size   GPIO.elf 
   text	   data	    bss	    dec	    hex	filename
   1332	      8	   1568	   2908	    b5c	GPIO.elf
Finished building: default.size.stdout
 
13:26:57 **** Incremental Build of configuration Debug for project NVIC ****
make -j8 all 
arm-none-eabi-gcc "../Src/NVIC_program.c" -mcpu=cortex-m3 -std=gnu11 -g3 -DSTM32 -DSTM32F1 -DSTM32F103C8Tx -DDEBUG -c -I../Inc -O0 -ffunction-sections -fdata-sections -Wall -fstack-usage -MMD -MP -MF"Src/NVIC_program.d" -MT"Src/NVIC_program.o" --specs=nano.specs -mfloat-abi=soft -mthumb -o "Src/NVIC_program.o"
arm-none-eabi-gcc -o "NVIC.elf" @"objects.list"   -mcpu=cortex-m3 -T"D:\EME_Embedded_EUI\STM_F103C8T6_projects\NVIC\STM32F103C8TX_FLASH.ld" --specs=nosys.specs -Wl,-Map="NVIC.map" -Wl,--gc-sections -static --specs=nano.specs -mfloat-abi=soft -mthumb -Wl,--start-group -lc -lm -Wl,--end-group
Finished building target: NVIC.elf
 
arm-none-eabi-objdump -h -S  NVIC.elf  > "NVIC.list"
arm-none-eabi-objcopy  -O binary  NVIC.elf  "NVIC.bin"
arm-none-eabi-size   NVIC.elf 
   text	   data	    bss	    dec	    hex	filename
    556	      8	   1568	   2132	    854	NVIC.elf
Finished building: default.size.stdout
Finished building: NVIC.list
Finished building: NVIC.bin
 
 
 
13:26:58 **** Incremental Build of configuration Debug for project RCC ****
make -j8 all 
arm-none-eabi-size   RCC.elf 
   text	   data	    bss	    dec	    hex	filename
    788	      8	   1568	   2364	    93c	RCC.elf
Finished building: default.size.stdout
 
14:45:57 **** Build of configuration Debug for project EXTI ****
make -j8 all 
arm-none-eabi-gcc -mcpu=cortex-m3 -g3 -c -x assembler-with-cpp -MMD -MP -MF"Startup/startup_stm32f103c8tx.d" -MT"Startup/startup_stm32f103c8tx.o" --specs=nano.specs -mfloat-abi=soft -mthumb -o "Startup/startup_stm32f103c8tx.o" "../Startup/startup_stm32f103c8tx.s"
arm-none-eabi-gcc "../Src/EXTI_program.c" -mcpu=cortex-m3 -std=gnu11 -g3 -DSTM32 -DSTM32F1 -DSTM32F103C8Tx -DDEBUG -c -I../Inc -O0 -ffunction-sections -fdata-sections -Wall -fstack-usage -MMD -MP -MF"Src/EXTI_program.d" -MT"Src/EXTI_program.o" --specs=nano.specs -mfloat-abi=soft -mthumb -o "Src/EXTI_program.o"
arm-none-eabi-gcc "../Src/main.c" -mcpu=cortex-m3 -std=gnu11 -g3 -DSTM32 -DSTM32F1 -DSTM32F103C8Tx -DDEBUG -c -I../Inc -O0 -ffunction-sections -fdata-sections -Wall -fstack-usage -MMD -MP -MF"Src/main.d" -MT"Src/main.o" --specs=nano.specs -mfloat-abi=soft -mthumb -o "Src/main.o"
arm-none-eabi-gcc "../Src/syscalls.c" -mcpu=cortex-m3 -std=gnu11 -g3 -DSTM32 -DSTM32F1 -DSTM32F103C8Tx -DDEBUG -c -I../Inc -O0 -ffunction-sections -fdata-sections -Wall -fstack-usage -MMD -MP -MF"Src/syscalls.d" -MT"Src/syscalls.o" --specs=nano.specs -mfloat-abi=soft -mthumb -o "Src/syscalls.o"
arm-none-eabi-gcc "../Src/sysmem.c" -mcpu=cortex-m3 -std=gnu11 -g3 -DSTM32 -DSTM32F1 -DSTM32F103C8Tx -DDEBUG -c -I../Inc -O0 -ffunction-sections -fdata-sections -Wall -fstack-usage -MMD -MP -MF"Src/sysmem.d" -MT"Src/sysmem.o" --specs=nano.specs -mfloat-abi=soft -mthumb -o "Src/sysmem.o"
In file included from ../Src/EXTI_program.c:10:0:
../Src/EXTI_program.c: In function 'EXTI_voidSoftwareTrigger':
../Src/EXTI_program.c:50:24: error: 'Copy_u8EXTILine' undeclared (first use in this function)
  SET_BIT(EXTI->SWIER , Copy_u8EXTILine);
                        ^
../Inc/BIT_MATH.h:11:48: note: in definition of macro 'SET_BIT'
 #define SET_BIT(VAR,BIT)        VAR |=  (1 << (BIT))
                                                ^~~
../Src/EXTI_program.c:50:24: note: each undeclared identifier is reported only once for each function it appears in
  SET_BIT(EXTI->SWIER , Copy_u8EXTILine);
                        ^
../Inc/BIT_MATH.h:11:48: note: in definition of macro 'SET_BIT'
 #define SET_BIT(VAR,BIT)        VAR |=  (1 << (BIT))
                                                ^~~
../Src/EXTI_program.c: In function 'EXTI0_IRQHandler':
../Src/EXTI_program.c:55:25: error: 'NULL' undeclared (first use in this function)
  if(EXTI_CallBack[0] != NULL)
                         ^~~~
../Src/EXTI_program.c:56:1: error: expected expression before '}' token
 }
 ^
make: *** [Src/subdir.mk:27: Src/EXTI_program.o] Error 1
make: *** Waiting for unfinished jobs....
"make -j8 all" terminated with exit code 2. Build might be incomplete.
14:45:57 **** Incremental Build of configuration Debug for project GPIO ****
make -j8 all 
arm-none-eabi-size   GPIO.elf 
   text	   data	    bss	    dec	    hex	filename
   1332	      8	   1568	   2908	    b5c	GPIO.elf
Finished building: default.size.stdout
 
14:45:58 **** Incremental Build of configuration Debug for project NVIC ****
make -j8 all 
arm-none-eabi-gcc "../Src/NVIC_program.c" -mcpu=cortex-m3 -std=gnu11 -g3 -DSTM32 -DSTM32F1 -DSTM32F103C8Tx -DDEBUG -c -I../Inc -O0 -ffunction-sections -fdata-sections -Wall -fstack-usage -MMD -MP -MF"Src/NVIC_program.d" -MT"Src/NVIC_program.o" --specs=nano.specs -mfloat-abi=soft -mthumb -o "Src/NVIC_program.o"
arm-none-eabi-gcc -o "NVIC.elf" @"objects.list"   -mcpu=cortex-m3 -T"D:\EME_Embedded_EUI\STM_F103C8T6_projects\NVIC\STM32F103C8TX_FLASH.ld" --specs=nosys.specs -Wl,-Map="NVIC.map" -Wl,--gc-sections -static --specs=nano.specs -mfloat-abi=soft -mthumb -Wl,--start-group -lc -lm -Wl,--end-group
Finished building target: NVIC.elf
 
arm-none-eabi-objdump -h -S  NVIC.elf  > "NVIC.list"
arm-none-eabi-objcopy  -O binary  NVIC.elf  "NVIC.bin"
arm-none-eabi-size   NVIC.elf 
   text	   data	    bss	    dec	    hex	filename
    556	      8	   1568	   2132	    854	NVIC.elf
Finished building: default.size.stdout
Finished building: NVIC.list
Finished building: NVIC.bin
 
 
 
14:45:59 **** Incremental Build of configuration Debug for project RCC ****
make -j8 all 
arm-none-eabi-size   RCC.elf 
   text	   data	    bss	    dec	    hex	filename
    788	      8	   1568	   2364	    93c	RCC.elf
Finished building: default.size.stdout
 
14:46:31 **** Incremental Build of configuration Debug for project EXTI ****
make -j8 all 
arm-none-eabi-gcc "../Src/EXTI_program.c" -mcpu=cortex-m3 -std=gnu11 -g3 -DSTM32 -DSTM32F1 -DSTM32F103C8Tx -DDEBUG -c -I../Inc -O0 -ffunction-sections -fdata-sections -Wall -fstack-usage -MMD -MP -MF"Src/EXTI_program.d" -MT"Src/EXTI_program.o" --specs=nano.specs -mfloat-abi=soft -mthumb -o "Src/EXTI_program.o"
In file included from ../Src/EXTI_program.c:10:0:
../Src/EXTI_program.c: In function 'EXTI_voidSoftwareTrigger':
../Src/EXTI_program.c:50:24: error: 'Copy_u8EXTILine' undeclared (first use in this function)
  SET_BIT(EXTI->SWIER , Copy_u8EXTILine);
                        ^
../Inc/BIT_MATH.h:11:48: note: in definition of macro 'SET_BIT'
 #define SET_BIT(VAR,BIT)        VAR |=  (1 << (BIT))
                                                ^~~
../Src/EXTI_program.c:50:24: note: each undeclared identifier is reported only once for each function it appears in
  SET_BIT(EXTI->SWIER , Copy_u8EXTILine);
                        ^
../Inc/BIT_MATH.h:11:48: note: in definition of macro 'SET_BIT'
 #define SET_BIT(VAR,BIT)        VAR |=  (1 << (BIT))
                                                ^~~
In file included from ../Src/EXTI_program.c:9:0:
../Src/EXTI_program.c: In function 'EXTI0_IRQHandler':
../Inc/STD_TYPES.h:14:22: error: expected expression before 'void'
 #define NULL_PTR     void*(0)
                      ^
../Src/EXTI_program.c:55:25: note: in expansion of macro 'NULL_PTR'
  if(EXTI_CallBack[0] != NULL_PTR)
                         ^~~~~~~~
make: *** [Src/subdir.mk:27: Src/EXTI_program.o] Error 1
"make -j8 all" terminated with exit code 2. Build might be incomplete.
14:46:32 **** Incremental Build of configuration Debug for project GPIO ****
make -j8 all 
arm-none-eabi-size   GPIO.elf 
   text	   data	    bss	    dec	    hex	filename
   1332	      8	   1568	   2908	    b5c	GPIO.elf
Finished building: default.size.stdout
 
14:46:32 **** Incremental Build of configuration Debug for project NVIC ****
make -j8 all 
arm-none-eabi-size   NVIC.elf 
   text	   data	    bss	    dec	    hex	filename
    556	      8	   1568	   2132	    854	NVIC.elf
Finished building: default.size.stdout
 
14:46:32 **** Incremental Build of configuration Debug for project RCC ****
make -j8 all 
arm-none-eabi-size   RCC.elf 
   text	   data	    bss	    dec	    hex	filename
    788	      8	   1568	   2364	    93c	RCC.elf
Finished building: default.size.stdout
 
14:46:42 **** Incremental Build of configuration Debug for project EXTI ****
make -j8 all 
arm-none-eabi-gcc "../Src/EXTI_program.c" -mcpu=cortex-m3 -std=gnu11 -g3 -DSTM32 -DSTM32F1 -DSTM32F103C8Tx -DDEBUG -c -I../Inc -O0 -ffunction-sections -fdata-sections -Wall -fstack-usage -MMD -MP -MF"Src/EXTI_program.d" -MT"Src/EXTI_program.o" --specs=nano.specs -mfloat-abi=soft -mthumb -o "Src/EXTI_program.o"
In file included from ../Src/EXTI_program.c:10:0:
../Src/EXTI_program.c: In function 'EXTI_voidSoftwareTrigger':
../Src/EXTI_program.c:50:24: error: 'Copy_u8EXTILine' undeclared (first use in this function)
  SET_BIT(EXTI->SWIER , Copy_u8EXTILine);
                        ^
../Inc/BIT_MATH.h:11:48: note: in definition of macro 'SET_BIT'
 #define SET_BIT(VAR,BIT)        VAR |=  (1 << (BIT))
                                                ^~~
../Src/EXTI_program.c:50:24: note: each undeclared identifier is reported only once for each function it appears in
  SET_BIT(EXTI->SWIER , Copy_u8EXTILine);
                        ^
../Inc/BIT_MATH.h:11:48: note: in definition of macro 'SET_BIT'
 #define SET_BIT(VAR,BIT)        VAR |=  (1 << (BIT))
                                                ^~~
In file included from ../Src/EXTI_program.c:9:0:
../Src/EXTI_program.c: In function 'EXTI0_IRQHandler':
../Inc/STD_TYPES.h:14:22: error: expected expression before 'void'
 #define NULL_PTR     void(*0)
                      ^
../Src/EXTI_program.c:55:25: note: in expansion of macro 'NULL_PTR'
  if(EXTI_CallBack[0] != NULL_PTR)
                         ^~~~~~~~
make: *** [Src/subdir.mk:27: Src/EXTI_program.o] Error 1
"make -j8 all" terminated with exit code 2. Build might be incomplete.
14:46:42 **** Incremental Build of configuration Debug for project GPIO ****
make -j8 all 
arm-none-eabi-size   GPIO.elf 
   text	   data	    bss	    dec	    hex	filename
   1332	      8	   1568	   2908	    b5c	GPIO.elf
Finished building: default.size.stdout
 
14:46:42 **** Incremental Build of configuration Debug for project NVIC ****
make -j8 all 
arm-none-eabi-size   NVIC.elf 
   text	   data	    bss	    dec	    hex	filename
    556	      8	   1568	   2132	    854	NVIC.elf
Finished building: default.size.stdout
 
14:46:43 **** Incremental Build of configuration Debug for project RCC ****
make -j8 all 
arm-none-eabi-size   RCC.elf 
   text	   data	    bss	    dec	    hex	filename
    788	      8	   1568	   2364	    93c	RCC.elf
Finished building: default.size.stdout
 
14:46:54 **** Incremental Build of configuration Debug for project EXTI ****
make -j8 all 
arm-none-eabi-gcc "../Src/EXTI_program.c" -mcpu=cortex-m3 -std=gnu11 -g3 -DSTM32 -DSTM32F1 -DSTM32F103C8Tx -DDEBUG -c -I../Inc -O0 -ffunction-sections -fdata-sections -Wall -fstack-usage -MMD -MP -MF"Src/EXTI_program.d" -MT"Src/EXTI_program.o" --specs=nano.specs -mfloat-abi=soft -mthumb -o "Src/EXTI_program.o"
In file included from ../Src/EXTI_program.c:10:0:
../Src/EXTI_program.c: In function 'EXTI_voidSoftwareTrigger':
../Src/EXTI_program.c:50:24: error: 'Copy_u8EXTILine' undeclared (first use in this function)
  SET_BIT(EXTI->SWIER , Copy_u8EXTILine);
                        ^
../Inc/BIT_MATH.h:11:48: note: in definition of macro 'SET_BIT'
 #define SET_BIT(VAR,BIT)        VAR |=  (1 << (BIT))
                                                ^~~
../Src/EXTI_program.c:50:24: note: each undeclared identifier is reported only once for each function it appears in
  SET_BIT(EXTI->SWIER , Copy_u8EXTILine);
                        ^
../Inc/BIT_MATH.h:11:48: note: in definition of macro 'SET_BIT'
 #define SET_BIT(VAR,BIT)        VAR |=  (1 << (BIT))
                                                ^~~
In file included from ../Src/EXTI_program.c:9:0:
../Src/EXTI_program.c: In function 'EXTI0_IRQHandler':
../Inc/STD_TYPES.h:14:22: error: expected expression before 'void'
 #define NULL_PTR     void* 0
                      ^
../Src/EXTI_program.c:55:25: note: in expansion of macro 'NULL_PTR'
  if(EXTI_CallBack[0] != NULL_PTR)
                         ^~~~~~~~
make: *** [Src/subdir.mk:27: Src/EXTI_program.o] Error 1
"make -j8 all" terminated with exit code 2. Build might be incomplete.
14:46:54 **** Incremental Build of configuration Debug for project GPIO ****
make -j8 all 
arm-none-eabi-size   GPIO.elf 
   text	   data	    bss	    dec	    hex	filename
   1332	      8	   1568	   2908	    b5c	GPIO.elf
Finished building: default.size.stdout
 
14:46:55 **** Incremental Build of configuration Debug for project NVIC ****
make -j8 all 
arm-none-eabi-size   NVIC.elf 
   text	   data	    bss	    dec	    hex	filename
    556	      8	   1568	   2132	    854	NVIC.elf
Finished building: default.size.stdout
 
14:46:55 **** Incremental Build of configuration Debug for project RCC ****
make -j8 all 
arm-none-eabi-size   RCC.elf 
   text	   data	    bss	    dec	    hex	filename
    788	      8	   1568	   2364	    93c	RCC.elf
Finished building: default.size.stdout
 
14:47:07 **** Incremental Build of configuration Debug for project EXTI ****
make -j8 all 
arm-none-eabi-gcc "../Src/EXTI_program.c" -mcpu=cortex-m3 -std=gnu11 -g3 -DSTM32 -DSTM32F1 -DSTM32F103C8Tx -DDEBUG -c -I../Inc -O0 -ffunction-sections -fdata-sections -Wall -fstack-usage -MMD -MP -MF"Src/EXTI_program.d" -MT"Src/EXTI_program.o" --specs=nano.specs -mfloat-abi=soft -mthumb -o "Src/EXTI_program.o"
In file included from ../Src/EXTI_program.c:10:0:
../Src/EXTI_program.c: In function 'EXTI_voidSoftwareTrigger':
../Src/EXTI_program.c:50:24: error: 'Copy_u8EXTILine' undeclared (first use in this function)
  SET_BIT(EXTI->SWIER , Copy_u8EXTILine);
                        ^
../Inc/BIT_MATH.h:11:48: note: in definition of macro 'SET_BIT'
 #define SET_BIT(VAR,BIT)        VAR |=  (1 << (BIT))
                                                ^~~
../Src/EXTI_program.c:50:24: note: each undeclared identifier is reported only once for each function it appears in
  SET_BIT(EXTI->SWIER , Copy_u8EXTILine);
                        ^
../Inc/BIT_MATH.h:11:48: note: in definition of macro 'SET_BIT'
 #define SET_BIT(VAR,BIT)        VAR |=  (1 << (BIT))
                                                ^~~
In file included from ../Src/EXTI_program.c:9:0:
../Src/EXTI_program.c: In function 'EXTI0_IRQHandler':
../Inc/STD_TYPES.h:14:22: error: expected expression before 'void'
 #define NULL_PTR     void *(0)
                      ^
../Src/EXTI_program.c:55:25: note: in expansion of macro 'NULL_PTR'
  if(EXTI_CallBack[0] != NULL_PTR)
                         ^~~~~~~~
make: *** [Src/subdir.mk:27: Src/EXTI_program.o] Error 1
"make -j8 all" terminated with exit code 2. Build might be incomplete.
14:47:07 **** Incremental Build of configuration Debug for project GPIO ****
make -j8 all 
arm-none-eabi-size   GPIO.elf 
   text	   data	    bss	    dec	    hex	filename
   1332	      8	   1568	   2908	    b5c	GPIO.elf
Finished building: default.size.stdout
 
14:47:07 **** Incremental Build of configuration Debug for project NVIC ****
make -j8 all 
arm-none-eabi-size   NVIC.elf 
   text	   data	    bss	    dec	    hex	filename
    556	      8	   1568	   2132	    854	NVIC.elf
Finished building: default.size.stdout
 
14:47:08 **** Incremental Build of configuration Debug for project RCC ****
make -j8 all 
arm-none-eabi-size   RCC.elf 
   text	   data	    bss	    dec	    hex	filename
    788	      8	   1568	   2364	    93c	RCC.elf
Finished building: default.size.stdout
 
14:47:25 **** Incremental Build of configuration Debug for project EXTI ****
make -j8 all 
arm-none-eabi-gcc "../Src/EXTI_program.c" -mcpu=cortex-m3 -std=gnu11 -g3 -DSTM32 -DSTM32F1 -DSTM32F103C8Tx -DDEBUG -c -I../Inc -O0 -ffunction-sections -fdata-sections -Wall -fstack-usage -MMD -MP -MF"Src/EXTI_program.d" -MT"Src/EXTI_program.o" --specs=nano.specs -mfloat-abi=soft -mthumb -o "Src/EXTI_program.o"
In file included from ../Src/EXTI_program.c:10:0:
../Src/EXTI_program.c: In function 'EXTI_voidSoftwareTrigger':
../Src/EXTI_program.c:50:24: error: 'Copy_u8EXTILine' undeclared (first use in this function)
  SET_BIT(EXTI->SWIER , Copy_u8EXTILine);
                        ^
../Inc/BIT_MATH.h:11:48: note: in definition of macro 'SET_BIT'
 #define SET_BIT(VAR,BIT)        VAR |=  (1 << (BIT))
                                                ^~~
../Src/EXTI_program.c:50:24: note: each undeclared identifier is reported only once for each function it appears in
  SET_BIT(EXTI->SWIER , Copy_u8EXTILine);
                        ^
../Inc/BIT_MATH.h:11:48: note: in definition of macro 'SET_BIT'
 #define SET_BIT(VAR,BIT)        VAR |=  (1 << (BIT))
                                                ^~~
make: *** [Src/subdir.mk:27: Src/EXTI_program.o] Error 1
"make -j8 all" terminated with exit code 2. Build might be incomplete.
14:47:25 **** Incremental Build of configuration Debug for project GPIO ****
make -j8 all 
arm-none-eabi-size   GPIO.elf 
   text	   data	    bss	    dec	    hex	filename
   1332	      8	   1568	   2908	    b5c	GPIO.elf
Finished building: default.size.stdout
 
14:47:25 **** Incremental Build of configuration Debug for project NVIC ****
make -j8 all 
arm-none-eabi-size   NVIC.elf 
   text	   data	    bss	    dec	    hex	filename
    556	      8	   1568	   2132	    854	NVIC.elf
Finished building: default.size.stdout
 
14:47:26 **** Incremental Build of configuration Debug for project RCC ****
make -j8 all 
arm-none-eabi-size   RCC.elf 
   text	   data	    bss	    dec	    hex	filename
    788	      8	   1568	   2364	    93c	RCC.elf
Finished building: default.size.stdout
 
14:47:33 **** Incremental Build of configuration Debug for project EXTI ****
make -j8 all 
arm-none-eabi-gcc "../Src/EXTI_program.c" -mcpu=cortex-m3 -std=gnu11 -g3 -DSTM32 -DSTM32F1 -DSTM32F103C8Tx -DDEBUG -c -I../Inc -O0 -ffunction-sections -fdata-sections -Wall -fstack-usage -MMD -MP -MF"Src/EXTI_program.d" -MT"Src/EXTI_program.o" --specs=nano.specs -mfloat-abi=soft -mthumb -o "Src/EXTI_program.o"
In file included from ../Src/EXTI_program.c:10:0:
../Src/EXTI_program.c: In function 'EXTI_voidSoftwareTrigger':
../Src/EXTI_program.c:50:24: error: 'Copy_u8EXTILine' undeclared (first use in this function)
  SET_BIT(EXTI->SWIER , Copy_u8EXTILine);
                        ^
../Inc/BIT_MATH.h:11:48: note: in definition of macro 'SET_BIT'
 #define SET_BIT(VAR,BIT)        VAR |=  (1 << (BIT))
                                                ^~~
../Src/EXTI_program.c:50:24: note: each undeclared identifier is reported only once for each function it appears in
  SET_BIT(EXTI->SWIER , Copy_u8EXTILine);
                        ^
../Inc/BIT_MATH.h:11:48: note: in definition of macro 'SET_BIT'
 #define SET_BIT(VAR,BIT)        VAR |=  (1 << (BIT))
                                                ^~~
make: *** [Src/subdir.mk:27: Src/EXTI_program.o] Error 1
"make -j8 all" terminated with exit code 2. Build might be incomplete.
14:47:34 **** Incremental Build of configuration Debug for project GPIO ****
make -j8 all 
arm-none-eabi-size   GPIO.elf 
   text	   data	    bss	    dec	    hex	filename
   1332	      8	   1568	   2908	    b5c	GPIO.elf
Finished building: default.size.stdout
 
14:47:34 **** Incremental Build of configuration Debug for project NVIC ****
make -j8 all 
arm-none-eabi-size   NVIC.elf 
   text	   data	    bss	    dec	    hex	filename
    556	      8	   1568	   2132	    854	NVIC.elf
Finished building: default.size.stdout
 
14:47:34 **** Incremental Build of configuration Debug for project RCC ****
make -j8 all 
arm-none-eabi-size   RCC.elf 
   text	   data	    bss	    dec	    hex	filename
    788	      8	   1568	   2364	    93c	RCC.elf
Finished building: default.size.stdout
 
14:47:50 **** Incremental Build of configuration Debug for project EXTI ****
make -j8 all 
arm-none-eabi-gcc "../Src/EXTI_program.c" -mcpu=cortex-m3 -std=gnu11 -g3 -DSTM32 -DSTM32F1 -DSTM32F103C8Tx -DDEBUG -c -I../Inc -O0 -ffunction-sections -fdata-sections -Wall -fstack-usage -MMD -MP -MF"Src/EXTI_program.d" -MT"Src/EXTI_program.o" --specs=nano.specs -mfloat-abi=soft -mthumb -o "Src/EXTI_program.o"
arm-none-eabi-gcc -o "EXTI.elf" @"objects.list"   -mcpu=cortex-m3 -T"D:\EME_Embedded_EUI\STM_F103C8T6_projects\EXTI\STM32F103C8TX_FLASH.ld" --specs=nosys.specs -Wl,-Map="EXTI.map" -Wl,--gc-sections -static --specs=nano.specs -mfloat-abi=soft -mthumb -Wl,--start-group -lc -lm -Wl,--end-group
Finished building target: EXTI.elf
 
arm-none-eabi-size   EXTI.elf 
arm-none-eabi-objdump -h -S  EXTI.elf  > "EXTI.list"
arm-none-eabi-objcopy  -O binary  EXTI.elf  "EXTI.bin"
   text	   data	    bss	    dec	    hex	filename
    584	      8	   1632	   2224	    8b0	EXTI.elf
Finished building: default.size.stdout
 
Finished building: EXTI.list
Finished building: EXTI.bin
 
 
14:47:50 **** Incremental Build of configuration Debug for project GPIO ****
make -j8 all 
arm-none-eabi-size   GPIO.elf 
   text	   data	    bss	    dec	    hex	filename
   1332	      8	   1568	   2908	    b5c	GPIO.elf
Finished building: default.size.stdout
 
14:47:51 **** Incremental Build of configuration Debug for project NVIC ****
make -j8 all 
arm-none-eabi-size   NVIC.elf 
   text	   data	    bss	    dec	    hex	filename
    556	      8	   1568	   2132	    854	NVIC.elf
Finished building: default.size.stdout
 
14:47:51 **** Incremental Build of configuration Debug for project RCC ****
make -j8 all 
arm-none-eabi-size   RCC.elf 
   text	   data	    bss	    dec	    hex	filename
    788	      8	   1568	   2364	    93c	RCC.elf
Finished building: default.size.stdout
 
14:47:52 **** Incremental Build of configuration Debug for project EXTI ****
make -j8 all 
arm-none-eabi-gcc "../Src/EXTI_program.c" -mcpu=cortex-m3 -std=gnu11 -g3 -DSTM32 -DSTM32F1 -DSTM32F103C8Tx -DDEBUG -c -I../Inc -O0 -ffunction-sections -fdata-sections -Wall -fstack-usage -MMD -MP -MF"Src/EXTI_program.d" -MT"Src/EXTI_program.o" --specs=nano.specs -mfloat-abi=soft -mthumb -o "Src/EXTI_program.o"
arm-none-eabi-gcc -o "EXTI.elf" @"objects.list"   -mcpu=cortex-m3 -T"D:\EME_Embedded_EUI\STM_F103C8T6_projects\EXTI\STM32F103C8TX_FLASH.ld" --specs=nosys.specs -Wl,-Map="EXTI.map" -Wl,--gc-sections -static --specs=nano.specs -mfloat-abi=soft -mthumb -Wl,--start-group -lc -lm -Wl,--end-group
Finished building target: EXTI.elf
 
arm-none-eabi-objdump -h -S  EXTI.elf  > "EXTI.list"
arm-none-eabi-objcopy  -O binary  EXTI.elf  "EXTI.bin"
arm-none-eabi-size   EXTI.elf 
   text	   data	    bss	    dec	    hex	filename
    584	      8	   1632	   2224	    8b0	EXTI.elf
Finished building: default.size.stdout
Finished building: EXTI.list
Finished building: EXTI.bin
 
 
 
14:47:53 **** Incremental Build of configuration Debug for project GPIO ****
make -j8 all 
arm-none-eabi-size   GPIO.elf 
   text	   data	    bss	    dec	    hex	filename
   1332	      8	   1568	   2908	    b5c	GPIO.elf
Finished building: default.size.stdout
 
14:47:53 **** Incremental Build of configuration Debug for project NVIC ****
make -j8 all 
arm-none-eabi-size   NVIC.elf 
   text	   data	    bss	    dec	    hex	filename
    556	      8	   1568	   2132	    854	NVIC.elf
Finished building: default.size.stdout
 
14:47:54 **** Incremental Build of configuration Debug for project RCC ****
make -j8 all 
arm-none-eabi-size   RCC.elf 
   text	   data	    bss	    dec	    hex	filename
    788	      8	   1568	   2364	    93c	RCC.elf
Finished building: default.size.stdout
 
22:12:15 **** Incremental Build of configuration Debug for project EXTI ****
make -j8 all 
arm-none-eabi-gcc "../Src/EXTI_program.c" -mcpu=cortex-m3 -std=gnu11 -g3 -DSTM32 -DSTM32F1 -DSTM32F103C8Tx -DDEBUG -c -I../Inc -O0 -ffunction-sections -fdata-sections -Wall -fstack-usage -MMD -MP -MF"Src/EXTI_program.d" -MT"Src/EXTI_program.o" --specs=nano.specs -mfloat-abi=soft -mthumb -o "Src/EXTI_program.o"
arm-none-eabi-gcc "../Src/GPIO_program.c" -mcpu=cortex-m3 -std=gnu11 -g3 -DSTM32 -DSTM32F1 -DSTM32F103C8Tx -DDEBUG -c -I../Inc -O0 -ffunction-sections -fdata-sections -Wall -fstack-usage -MMD -MP -MF"Src/GPIO_program.d" -MT"Src/GPIO_program.o" --specs=nano.specs -mfloat-abi=soft -mthumb -o "Src/GPIO_program.o"
arm-none-eabi-gcc "../Src/RCC_program.c" -mcpu=cortex-m3 -std=gnu11 -g3 -DSTM32 -DSTM32F1 -DSTM32F103C8Tx -DDEBUG -c -I../Inc -O0 -ffunction-sections -fdata-sections -Wall -fstack-usage -MMD -MP -MF"Src/RCC_program.d" -MT"Src/RCC_program.o" --specs=nano.specs -mfloat-abi=soft -mthumb -o "Src/RCC_program.o"
arm-none-eabi-gcc "../Src/main.c" -mcpu=cortex-m3 -std=gnu11 -g3 -DSTM32 -DSTM32F1 -DSTM32F103C8Tx -DDEBUG -c -I../Inc -O0 -ffunction-sections -fdata-sections -Wall -fstack-usage -MMD -MP -MF"Src/main.d" -MT"Src/main.o" --specs=nano.specs -mfloat-abi=soft -mthumb -o "Src/main.o"
In file included from ../Src/EXTI_program.c:10:0:
../Src/EXTI_program.c: In function 'EXTI0_IRQHandler':
../Src/EXTI_program.c:59:16: error: expected identifier or '(' before '->' token
  SET_BIT(EXTI_t-> PR, 0); /* CLEAR interrupt flag */
                ^
../Inc/BIT_MATH.h:11:33: note: in definition of macro 'SET_BIT'
 #define SET_BIT(VAR,BIT)        VAR |=  (1 << (BIT))
                                 ^~~
In file included from ../Src/main.c:24:0:
../Inc/EXTI_interface.h:40:50: error: unknown type name 'uint8'; did you mean 'int'?
 void EXTI_voidEnableEXTI(EXTI_line_t EXTILine_n, uint8 Copy_u8EXTImode);
                                                  ^~~~~
                                                  int
make: *** [Src/subdir.mk:33: Src/EXTI_program.o] Error 1
make: *** Waiting for unfinished jobs....
../Src/main.c: In function 'main':
../Src/main.c:37:2: warning: implicit declaration of function 'EXTI_voidEnableEXTI'; did you mean 'EXTI_voidDisableEXTI'? [-Wimplicit-function-declaration]
  EXTI_voidEnableEXTI(EXTI_LINE0, FALLING_EDGE);
  ^~~~~~~~~~~~~~~~~~~
  EXTI_voidDisableEXTI
make: *** [Src/subdir.mk:39: Src/main.o] Error 1
"make -j8 all" terminated with exit code 2. Build might be incomplete.
22:12:16 **** Incremental Build of configuration Debug for project GPIO ****
make -j8 all 
arm-none-eabi-gcc "../Src/GPIO_program.c" -mcpu=cortex-m3 -std=gnu11 -g3 -DDEBUG -DSTM32 -DSTM32F1 -DSTM32F103C8Tx -c -I../Inc -O0 -ffunction-sections -fdata-sections -Wall -fstack-usage -MMD -MP -MF"Src/GPIO_program.d" -MT"Src/GPIO_program.o" --specs=nano.specs -mfloat-abi=soft -mthumb -o "Src/GPIO_program.o"
arm-none-eabi-gcc -o "GPIO.elf" @"objects.list"   -mcpu=cortex-m3 -T"D:\EME_Embedded_EUI\STM_F103C8T6_projects\GPIO\STM32F103C8TX_FLASH.ld" --specs=nosys.specs -Wl,-Map="GPIO.map" -Wl,--gc-sections -static --specs=nano.specs -mfloat-abi=soft -mthumb -Wl,--start-group -lc -lm -Wl,--end-group
Finished building target: GPIO.elf
 
arm-none-eabi-objdump -h -S  GPIO.elf  > "GPIO.list"
arm-none-eabi-objcopy  -O ihex  GPIO.elf  "GPIO.hex"
arm-none-eabi-objcopy  -O binary  GPIO.elf  "GPIO.bin"
arm-none-eabi-size   GPIO.elf 
   text	   data	    bss	    dec	    hex	filename
   1332	      8	   1568	   2908	    b5c	GPIO.elf
Finished building: GPIO.hex
Finished building: GPIO.list
Finished building: GPIO.bin
Finished building: default.size.stdout
 
 
 
 
22:12:17 **** Incremental Build of configuration Debug for project NVIC ****
make -j8 all 
arm-none-eabi-size   NVIC.elf 
   text	   data	    bss	    dec	    hex	filename
    556	      8	   1568	   2132	    854	NVIC.elf
Finished building: default.size.stdout
 
22:12:17 **** Incremental Build of configuration Debug for project RCC ****
make -j8 all 
arm-none-eabi-size   RCC.elf 
   text	   data	    bss	    dec	    hex	filename
    788	      8	   1568	   2364	    93c	RCC.elf
Finished building: default.size.stdout
 
22:18:39 **** Incremental Build of configuration Debug for project EXTI ****
make -j8 all 
arm-none-eabi-gcc "../Src/EXTI_program.c" -mcpu=cortex-m3 -std=gnu11 -g3 -DSTM32 -DSTM32F1 -DSTM32F103C8Tx -DDEBUG -c -I../Inc -O0 -ffunction-sections -fdata-sections -Wall -fstack-usage -MMD -MP -MF"Src/EXTI_program.d" -MT"Src/EXTI_program.o" --specs=nano.specs -mfloat-abi=soft -mthumb -o "Src/EXTI_program.o"
arm-none-eabi-gcc "../Src/GPIO_program.c" -mcpu=cortex-m3 -std=gnu11 -g3 -DSTM32 -DSTM32F1 -DSTM32F103C8Tx -DDEBUG -c -I../Inc -O0 -ffunction-sections -fdata-sections -Wall -fstack-usage -MMD -MP -MF"Src/GPIO_program.d" -MT"Src/GPIO_program.o" --specs=nano.specs -mfloat-abi=soft -mthumb -o "Src/GPIO_program.o"
arm-none-eabi-gcc "../Src/main.c" -mcpu=cortex-m3 -std=gnu11 -g3 -DSTM32 -DSTM32F1 -DSTM32F103C8Tx -DDEBUG -c -I../Inc -O0 -ffunction-sections -fdata-sections -Wall -fstack-usage -MMD -MP -MF"Src/main.d" -MT"Src/main.o" --specs=nano.specs -mfloat-abi=soft -mthumb -o "Src/main.o"
In file included from ../Src/EXTI_program.c:10:0:
../Src/EXTI_program.c: In function 'EXTI0_IRQHandler':
../Src/EXTI_program.c:59:16: error: expected identifier or '(' before '->' token
  SET_BIT(EXTI_t-> PR, 0); /* CLEAR interrupt flag */
                ^
../Inc/BIT_MATH.h:11:33: note: in definition of macro 'SET_BIT'
 #define SET_BIT(VAR,BIT)        VAR |=  (1 << (BIT))
                                 ^~~
make: *** [Src/subdir.mk:33: Src/EXTI_program.o] Error 1
make: *** Waiting for unfinished jobs....
In file included from ../Src/main.c:24:0:
../Inc/EXTI_interface.h:40:50: error: unknown type name 'uint8'; did you mean 'int'?
 void EXTI_voidEnableEXTI(EXTI_line_t EXTILine_n, uint8 Copy_u8EXTImode);
                                                  ^~~~~
                                                  int
../Src/main.c: In function 'main':
../Src/main.c:37:2: warning: implicit declaration of function 'EXTI_voidEnableEXTI'; did you mean 'EXTI_voidDisableEXTI'? [-Wimplicit-function-declaration]
  EXTI_voidEnableEXTI(EXTI_LINE0, FALLING_EDGE);
  ^~~~~~~~~~~~~~~~~~~
  EXTI_voidDisableEXTI
make: *** [Src/subdir.mk:39: Src/main.o] Error 1
"make -j8 all" terminated with exit code 2. Build might be incomplete.
22:18:40 **** Incremental Build of configuration Debug for project GPIO ****
make -j8 all 
arm-none-eabi-gcc "../Src/GPIO_program.c" -mcpu=cortex-m3 -std=gnu11 -g3 -DDEBUG -DSTM32 -DSTM32F1 -DSTM32F103C8Tx -c -I../Inc -O0 -ffunction-sections -fdata-sections -Wall -fstack-usage -MMD -MP -MF"Src/GPIO_program.d" -MT"Src/GPIO_program.o" --specs=nano.specs -mfloat-abi=soft -mthumb -o "Src/GPIO_program.o"
arm-none-eabi-gcc -o "GPIO.elf" @"objects.list"   -mcpu=cortex-m3 -T"D:\EME_Embedded_EUI\STM_F103C8T6_projects\GPIO\STM32F103C8TX_FLASH.ld" --specs=nosys.specs -Wl,-Map="GPIO.map" -Wl,--gc-sections -static --specs=nano.specs -mfloat-abi=soft -mthumb -Wl,--start-group -lc -lm -Wl,--end-group
Finished building target: GPIO.elf
 
arm-none-eabi-objdump -h -S  GPIO.elf  > "GPIO.list"
arm-none-eabi-objcopy  -O ihex  GPIO.elf  "GPIO.hex"
arm-none-eabi-objcopy  -O binary  GPIO.elf  "GPIO.bin"
arm-none-eabi-size   GPIO.elf 
   text	   data	    bss	    dec	    hex	filename
   1332	      8	   1568	   2908	    b5c	GPIO.elf
Finished building: default.size.stdout
Finished building: GPIO.list
Finished building: GPIO.hex
Finished building: GPIO.bin
 
 
 
 
22:18:41 **** Incremental Build of configuration Debug for project NVIC ****
make -j8 all 
arm-none-eabi-size   NVIC.elf 
   text	   data	    bss	    dec	    hex	filename
    556	      8	   1568	   2132	    854	NVIC.elf
Finished building: default.size.stdout
 
22:18:41 **** Incremental Build of configuration Debug for project RCC ****
make -j8 all 
arm-none-eabi-size   RCC.elf 
   text	   data	    bss	    dec	    hex	filename
    788	      8	   1568	   2364	    93c	RCC.elf
Finished building: default.size.stdout
 
